<?xml version="1.0" encoding="UTF-8"?>
<testng-results ignored="0" total="1" passed="1" failed="0" skipped="0">
  <reporter-output>
  </reporter-output>
  <suite started-at="2023-09-02T23:59:12 EEST" name="Default suite" finished-at="2023-09-02T23:59:22 EEST" duration-ms="10428">
    <groups>
    </groups>
    <test started-at="2023-09-02T23:59:12 EEST" name="Default test" finished-at="2023-09-02T23:59:22 EEST" duration-ms="10428">
      <class name="Homework.Homework18">
        <test-method is-config="true" signature="setup()[pri:0, instance:Homework.Homework18@2892d68]" started-at="2023-09-02T23:59:12 EEST" name="setup" finished-at="2023-09-02T23:59:16 EEST" duration-ms="3950" status="PASS">
          <reporter-output>
          </reporter-output>
        </test-method> <!-- setup -->
        <test-method signature="blog()[pri:0, instance:Homework.Homework18@2892d68]" started-at="2023-09-02T23:59:16 EEST" name="blog" finished-at="2023-09-02T23:59:18 EEST" duration-ms="2228" status="PASS">
          <reporter-output>
          </reporter-output>
        </test-method> <!-- blog -->
        <test-method is-config="true" signature="teardown()[pri:0, instance:Homework.Homework18@2892d68]" started-at="2023-09-02T23:59:18 EEST" name="teardown" finished-at="2023-09-02T23:59:22 EEST" duration-ms="4214" status="PASS">
          <reporter-output>
          </reporter-output>
        </test-method> <!-- teardown -->
      </class> <!-- Homework.Homework18 -->
    </test> <!-- Default test -->
  </suite> <!-- Default suite -->
</testng-results>
